<?xml version="1.0" encoding="UTF-8"?>
<!-- Generated by org.testng.reporters.JUnitXMLReporter -->
<testsuite hostname="DEL1-LHP-N01469" name="Default test" tests="1" failures="0" timestamp="22 Jun 2018 07:10:13 GMT" time="0.638" errors="0">
  <testcase name="@BeforeClass launchBrowser" time="0.0" classname="test.ui.Gnoss.VerifyGnossLoginLogout">
    <failure type="org.testng.TestNGException" message="
Parameter &amp;apos;applications&amp;apos; is required by @Configuration on method launchBrowser but has not been marked @Optional or defined
in C:\Users\priya.verma\AppData\Local\Temp\testng-eclipse-1346791706\testng-customsuite.xml">
      <![CDATA[org.testng.TestNGException: 
Parameter 'applications' is required by @Configuration on method launchBrowser but has not been marked @Optional or defined
in C:\Users\priya.verma\AppData\Local\Temp\testng-eclipse-1346791706\testng-customsuite.xml
	at org.testng.internal.Parameters.createParameters(Parameters.java:155)
	at org.testng.internal.Parameters.createParameters(Parameters.java:355)
	at org.testng.internal.Parameters.createConfigurationParameters(Parameters.java:86)
	at org.testng.internal.Invoker.invokeConfigurations(Invoker.java:199)
	at org.testng.internal.Invoker.invokeConfigurations(Invoker.java:138)
	at org.testng.internal.TestMethodWorker.invokeBeforeClassMethods(TestMethodWorker.java:175)
	at org.testng.internal.TestMethodWorker.run(TestMethodWorker.java:107)
	at org.testng.TestRunner.privateRun(TestRunner.java:767)
	at org.testng.TestRunner.run(TestRunner.java:617)
	at org.testng.SuiteRunner.runTest(SuiteRunner.java:334)
	at org.testng.SuiteRunner.runSequentially(SuiteRunner.java:329)
	at org.testng.SuiteRunner.privateRun(SuiteRunner.java:291)
	at org.testng.SuiteRunner.run(SuiteRunner.java:240)
	at org.testng.SuiteRunnerWorker.runSuite(SuiteRunnerWorker.java:52)
	at org.testng.SuiteRunnerWorker.run(SuiteRunnerWorker.java:86)
	at org.testng.TestNG.runSuitesSequentially(TestNG.java:1198)
	at org.testng.TestNG.runSuitesLocally(TestNG.java:1123)
	at org.testng.TestNG.run(TestNG.java:1031)
	at org.testng.remote.AbstractRemoteTestNG.run(AbstractRemoteTestNG.java:114)
	at org.testng.remote.RemoteTestNG.initAndRun(RemoteTestNG.java:251)
	at org.testng.remote.RemoteTestNG.main(RemoteTestNG.java:77)
]]>
    </failure>
  </testcase> <!-- @BeforeClass launchBrowser -->
  <testcase name="@BeforeMethod driverWait" time="0.0" classname="test.ui.Gnoss.VerifyGnossLoginLogout">
    <skipped/>
  </testcase> <!-- @BeforeMethod driverWait -->
  <testcase name="@AfterMethod report" time="0.0" classname="test.ui.Gnoss.VerifyGnossLoginLogout">
    <skipped/>
  </testcase> <!-- @AfterMethod report -->
  <testcase name="@AfterClass closeExtent" time="0.0" classname="test.ui.Gnoss.VerifyGnossLoginLogout">
    <skipped/>
  </testcase> <!-- @AfterClass closeExtent -->
  <testcase name="loginGnoss" time="0.003" classname="test.ui.Gnoss.VerifyGnossLoginLogout">
    <skipped/>
  </testcase> <!-- loginGnoss -->
</testsuite> <!-- Default test -->
