<?xml version="1.0" encoding="UTF-8"?>
<!-- Generated by org.testng.reporters.JUnitXMLReporter -->
<testsuite hostname="del1-lhp-n01398" name="test" tests="19" failures="2" timestamp="18 Jun 2018 06:59:08 GMT" time="98.169" errors="0">
  <testcase name="@AfterMethod report" time="0.0" classname="test.ui.navision.VerifyNavDealerPage">
    <failure type="org.openqa.selenium.WebDriverException" message="chrome not reachable
  (Session info: chrome=66.0.3359.181)
  (Driver info: chromedriver=2.38.552522 (437e6fbedfa8762dec75e2c5b3ddb86763dc9dcb),platform=Windows NT 10.0.16299 x86_64) (WARNING: The server did not provide any stacktrace information)
Command duration or timeout: 0 milliseconds
Build info: version: &amp;apos;3.9.1&amp;apos;, revision: &amp;apos;63f7b50&amp;apos;, time: &amp;apos;2018-02-07T22:25:02.294Z&amp;apos;
System info: host: &amp;apos;DEL1-LHP-N01398&amp;apos;, ip: &amp;apos;172.16.10.140&amp;apos;, os.name: &amp;apos;Windows 10&amp;apos;, os.arch: &amp;apos;amd64&amp;apos;, os.version: &amp;apos;10.0&amp;apos;, java.version: &amp;apos;1.8.0_161&amp;apos;
Driver info: org.openqa.selenium.chrome.ChromeDriver
Capabilities {acceptInsecureCerts: false, acceptSslCerts: false, applicationCacheEnabled: false, browserConnectionEnabled: false, browserName: chrome, chrome: {chromedriverVersion: 2.38.552522 (437e6fbedfa876..., userDataDir: C:\Users\TRIPTI~1.KAP\AppDa...}, cssSelectorsEnabled: true, databaseEnabled: false, handlesAlerts: true, hasTouchScreen: false, javascriptEnabled: true, locationContextEnabled: true, mobileEmulationEnabled: false, nativeEvents: true, networkConnectionEnabled: false, pageLoadStrategy: normal, platform: XP, platformName: XP, rotatable: false, setWindowRect: true, takesHeapSnapshot: true, takesScreenshot: true, unexpectedAlertBehaviour: , unhandledPromptBehavior: , version: 66.0.3359.181, webStorageEnabled: true}
Session ID: 55c39e460e904ad1b13e8941a0845231">
      <![CDATA[org.openqa.selenium.WebDriverException: chrome not reachable
  (Session info: chrome=66.0.3359.181)
  (Driver info: chromedriver=2.38.552522 (437e6fbedfa8762dec75e2c5b3ddb86763dc9dcb),platform=Windows NT 10.0.16299 x86_64) (WARNING: The server did not provide any stacktrace information)
Command duration or timeout: 0 milliseconds
Build info: version: '3.9.1', revision: '63f7b50', time: '2018-02-07T22:25:02.294Z'
System info: host: 'DEL1-LHP-N01398', ip: '172.16.10.140', os.name: 'Windows 10', os.arch: 'amd64', os.version: '10.0', java.version: '1.8.0_161'
Driver info: org.openqa.selenium.chrome.ChromeDriver
Capabilities {acceptInsecureCerts: false, acceptSslCerts: false, applicationCacheEnabled: false, browserConnectionEnabled: false, browserName: chrome, chrome: {chromedriverVersion: 2.38.552522 (437e6fbedfa876..., userDataDir: C:\Users\TRIPTI~1.KAP\AppDa...}, cssSelectorsEnabled: true, databaseEnabled: false, handlesAlerts: true, hasTouchScreen: false, javascriptEnabled: true, locationContextEnabled: true, mobileEmulationEnabled: false, nativeEvents: true, networkConnectionEnabled: false, pageLoadStrategy: normal, platform: XP, platformName: XP, rotatable: false, setWindowRect: true, takesHeapSnapshot: true, takesScreenshot: true, unexpectedAlertBehaviour: , unhandledPromptBehavior: , version: 66.0.3359.181, webStorageEnabled: true}
Session ID: 55c39e460e904ad1b13e8941a0845231
	at org.openqa.selenium.remote.ErrorHandler.createThrowable(ErrorHandler.java:214)
	at org.openqa.selenium.remote.ErrorHandler.throwIfResponseFailed(ErrorHandler.java:166)
	at org.openqa.selenium.remote.http.JsonHttpResponseCodec.reconstructValue(JsonHttpResponseCodec.java:40)
	at org.openqa.selenium.remote.http.AbstractHttpResponseCodec.decode(AbstractHttpResponseCodec.java:80)
	at org.openqa.selenium.remote.http.AbstractHttpResponseCodec.decode(AbstractHttpResponseCodec.java:44)
	at org.openqa.selenium.remote.HttpCommandExecutor.execute(HttpCommandExecutor.java:160)
	at org.openqa.selenium.remote.service.DriverCommandExecutor.execute(DriverCommandExecutor.java:83)
	at org.openqa.selenium.remote.RemoteWebDriver.execute(RemoteWebDriver.java:601)
	at org.openqa.selenium.remote.RemoteWebDriver.execute(RemoteWebDriver.java:658)
	at org.openqa.selenium.remote.RemoteWebDriver.getScreenshotAs(RemoteWebDriver.java:343)
	at ui.utility.ReportHelper.captureScreenshot(ReportHelper.java:48)
	at test.ui.navision.BaseTest.report(BaseTest.java:79)
... Removed 30 stack frames]]>
    </failure>
  </testcase> <!-- @AfterMethod report -->
  <testcase name="@BeforeMethod driverWait" time="0.0" classname="test.ui.navision.VerifyNavDealerPage">
    <skipped/>
  </testcase> <!-- @BeforeMethod driverWait -->
  <testcase name="@AfterMethod report" time="0.0" classname="test.ui.navision.VerifyNavDealerPage">
    <skipped/>
  </testcase> <!-- @AfterMethod report -->
  <testcase name="@BeforeMethod driverWait" time="0.0" classname="test.ui.navision.VerifyNavDealerPage">
    <skipped/>
  </testcase> <!-- @BeforeMethod driverWait -->
  <testcase name="@AfterMethod report" time="0.0" classname="test.ui.navision.VerifyNavDealerPage">
    <skipped/>
  </testcase> <!-- @AfterMethod report -->
  <testcase name="@BeforeMethod driverWait" time="0.0" classname="test.ui.navision.VerifyNavDealerPage">
    <skipped/>
  </testcase> <!-- @BeforeMethod driverWait -->
  <testcase name="@AfterMethod report" time="0.0" classname="test.ui.navision.VerifyNavDealerPage">
    <skipped/>
  </testcase> <!-- @AfterMethod report -->
  <testcase name="@BeforeMethod driverWait" time="0.0" classname="test.ui.navision.VerifyNavDealerPage">
    <skipped/>
  </testcase> <!-- @BeforeMethod driverWait -->
  <testcase name="@AfterMethod report" time="0.0" classname="test.ui.navision.VerifyNavDealerPage">
    <skipped/>
  </testcase> <!-- @AfterMethod report -->
  <testcase name="@AfterClass closeExtent" time="0.0" classname="test.ui.navision.VerifyNavDealerPage">
    <skipped/>
  </testcase> <!-- @AfterClass closeExtent -->
  <testcase name="@BeforeClass launchBrowser" time="0.0" classname="test.ui.navision.verifyNavCustomers">
    <skipped/>
  </testcase> <!-- @BeforeClass launchBrowser -->
  <testcase name="@BeforeMethod driverWait" time="0.0" classname="test.ui.navision.verifyNavCustomers">
    <skipped/>
  </testcase> <!-- @BeforeMethod driverWait -->
  <testcase name="@AfterMethod report" time="0.0" classname="test.ui.navision.verifyNavCustomers">
    <skipped/>
  </testcase> <!-- @AfterMethod report -->
  <testcase name="@BeforeMethod driverWait" time="0.0" classname="test.ui.navision.verifyNavCustomers">
    <skipped/>
  </testcase> <!-- @BeforeMethod driverWait -->
  <testcase name="@AfterMethod report" time="0.0" classname="test.ui.navision.verifyNavCustomers">
    <skipped/>
  </testcase> <!-- @AfterMethod report -->
  <testcase name="@BeforeMethod driverWait" time="0.0" classname="test.ui.navision.verifyNavCustomers">
    <skipped/>
  </testcase> <!-- @BeforeMethod driverWait -->
  <testcase name="@AfterMethod report" time="0.0" classname="test.ui.navision.verifyNavCustomers">
    <skipped/>
  </testcase> <!-- @AfterMethod report -->
  <testcase name="@BeforeMethod driverWait" time="0.0" classname="test.ui.navision.verifyNavCustomers">
    <skipped/>
  </testcase> <!-- @BeforeMethod driverWait -->
  <testcase name="@AfterMethod report" time="0.0" classname="test.ui.navision.verifyNavCustomers">
    <skipped/>
  </testcase> <!-- @AfterMethod report -->
  <testcase name="@BeforeMethod driverWait" time="0.0" classname="test.ui.navision.verifyNavCustomers">
    <skipped/>
  </testcase> <!-- @BeforeMethod driverWait -->
  <testcase name="@AfterMethod report" time="0.0" classname="test.ui.navision.verifyNavCustomers">
    <skipped/>
  </testcase> <!-- @AfterMethod report -->
  <testcase name="@AfterClass closeExtent" time="0.0" classname="test.ui.navision.verifyNavCustomers">
    <skipped/>
  </testcase> <!-- @AfterClass closeExtent -->
  <testcase name="@BeforeClass launchBrowser" time="0.0" classname="test.ui.navision.verifyNavDealerSettings">
    <skipped/>
  </testcase> <!-- @BeforeClass launchBrowser -->
  <testcase name="@BeforeMethod driverWait" time="0.0" classname="test.ui.navision.verifyNavDealerSettings">
    <skipped/>
  </testcase> <!-- @BeforeMethod driverWait -->
  <testcase name="@AfterMethod report" time="0.0" classname="test.ui.navision.verifyNavDealerSettings">
    <skipped/>
  </testcase> <!-- @AfterMethod report -->
  <testcase name="@BeforeMethod driverWait" time="0.0" classname="test.ui.navision.verifyNavDealerSettings">
    <skipped/>
  </testcase> <!-- @BeforeMethod driverWait -->
  <testcase name="@AfterMethod report" time="0.0" classname="test.ui.navision.verifyNavDealerSettings">
    <skipped/>
  </testcase> <!-- @AfterMethod report -->
  <testcase name="@AfterClass closeExtent" time="0.0" classname="test.ui.navision.verifyNavDealerSettings">
    <skipped/>
  </testcase> <!-- @AfterClass closeExtent -->
  <testcase name="@BeforeClass launchBrowser" time="0.0" classname="test.ui.navision.verifyCustomertab">
    <skipped/>
  </testcase> <!-- @BeforeClass launchBrowser -->
  <testcase name="@BeforeMethod driverWait" time="0.0" classname="test.ui.navision.verifyCustomertab">
    <skipped/>
  </testcase> <!-- @BeforeMethod driverWait -->
  <testcase name="@AfterMethod report" time="0.0" classname="test.ui.navision.verifyCustomertab">
    <skipped/>
  </testcase> <!-- @AfterMethod report -->
  <testcase name="@BeforeMethod driverWait" time="0.0" classname="test.ui.navision.verifyCustomertab">
    <skipped/>
  </testcase> <!-- @BeforeMethod driverWait -->
  <testcase name="@AfterMethod report" time="0.0" classname="test.ui.navision.verifyCustomertab">
    <skipped/>
  </testcase> <!-- @AfterMethod report -->
  <testcase name="@BeforeMethod driverWait" time="0.0" classname="test.ui.navision.verifyCustomertab">
    <skipped/>
  </testcase> <!-- @BeforeMethod driverWait -->
  <testcase name="@AfterMethod report" time="0.0" classname="test.ui.navision.verifyCustomertab">
    <skipped/>
  </testcase> <!-- @AfterMethod report -->
  <testcase name="@BeforeMethod driverWait" time="0.0" classname="test.ui.navision.verifyCustomertab">
    <skipped/>
  </testcase> <!-- @BeforeMethod driverWait -->
  <testcase name="@AfterMethod report" time="0.0" classname="test.ui.navision.verifyCustomertab">
    <skipped/>
  </testcase> <!-- @AfterMethod report -->
  <testcase name="@AfterClass closeExtent" time="0.0" classname="test.ui.navision.verifyCustomertab">
    <skipped/>
  </testcase> <!-- @AfterClass closeExtent -->
  <testcase name="Verify_Valid_Data_From_CSV" time="31.244" classname="test.ui.navision.VerifyNavDealerPage"/>
  <testcase name="Verify_Communication_FieldsofDealer" time="5.07" classname="test.ui.navision.VerifyNavDealerPage"/>
  <testcase name="Verify_Create_New_Language" time="8.588" classname="test.ui.navision.VerifyNavDealerPage">
    <failure type="java.lang.AssertionError" message="expected [true] but found [false]">
      <![CDATA[java.lang.AssertionError: expected [true] but found [false]
	at test.ui.navision.VerifyNavDealerPage.Verify_Create_New_Language(VerifyNavDealerPage.java:117)
... Removed 28 stack frames]]>
    </failure>
  </testcase> <!-- Verify_Create_New_Language -->
  <testcase name="Verify_Edit_New_Language" time="35.644" classname="test.ui.navision.VerifyNavDealerPage">
    <failure type="java.lang.NullPointerException">
      <![CDATA[java.lang.NullPointerException
	at org.openqa.selenium.support.pagefactory.internal.LocatingElementHandler.invoke(LocatingElementHandler.java:51)
	at com.sun.proxy.$Proxy15.click(Unknown Source)
	at pages.navision.NavDealerInfoPage.ClickonYes(NavDealerInfoPage.java:246)
	at test.ui.navision.VerifyNavDealerPage.Verify_Edit_New_Language(VerifyNavDealerPage.java:129)
... Removed 28 stack frames]]>
    </failure>
  </testcase> <!-- Verify_Edit_New_Language -->
  <testcase name="Verify_Delete_New_Language" time="0.001" classname="test.ui.navision.VerifyNavDealerPage">
    <skipped/>
  </testcase> <!-- Verify_Delete_New_Language -->
  <testcase name="Verify_New_Postcode" time="0.001" classname="test.ui.navision.VerifyNavDealerPage">
    <skipped/>
  </testcase> <!-- Verify_New_Postcode -->
  <testcase name="Verify_Edit_New_Postcode" time="0.0" classname="test.ui.navision.VerifyNavDealerPage">
    <skipped/>
  </testcase> <!-- Verify_Edit_New_Postcode -->
  <testcase name="Verify_Delete_New_Postcode" time="0.001" classname="test.ui.navision.VerifyNavDealerPage">
    <skipped/>
  </testcase> <!-- Verify_Delete_New_Postcode -->
  <testcase name="verifyCustomerAddressDeatils" time="0.002" classname="test.ui.navision.verifyNavCustomers">
    <skipped/>
  </testcase> <!-- verifyCustomerAddressDeatils -->
  <testcase name="verifyCostCentreFields" time="0.001" classname="test.ui.navision.verifyNavCustomers">
    <skipped/>
  </testcase> <!-- verifyCostCentreFields -->
  <testcase name="createCustomerCard" time="0.002" classname="test.ui.navision.verifyNavCustomers">
    <skipped/>
  </testcase> <!-- createCustomerCard -->
  <testcase name="updateCustomerCard" time="0.001" classname="test.ui.navision.verifyNavCustomers">
    <skipped/>
  </testcase> <!-- updateCustomerCard -->
  <testcase name="deleteCustomerCard" time="0.0" classname="test.ui.navision.verifyNavCustomers">
    <skipped/>
  </testcase> <!-- deleteCustomerCard -->
  <testcase name="editDealerSettings" time="0.001" classname="test.ui.navision.verifyNavDealerSettings">
    <skipped/>
  </testcase> <!-- editDealerSettings -->
  <testcase name="navDealerLogout" time="0.001" classname="test.ui.navision.verifyNavDealerSettings">
    <skipped/>
  </testcase> <!-- navDealerLogout -->
  <testcase name="validategeneraldetails" time="0.002" classname="test.ui.navision.verifyCustomertab">
    <skipped/>
  </testcase> <!-- validategeneraldetails -->
  <testcase name="addnewShiptoaddresDetails" time="0.001" classname="test.ui.navision.verifyCustomertab">
    <skipped/>
  </testcase> <!-- addnewShiptoaddresDetails -->
  <testcase name="editShiptoaddresDetails" time="0.001" classname="test.ui.navision.verifyCustomertab">
    <skipped/>
  </testcase> <!-- editShiptoaddresDetails -->
  <testcase name="deleteShiptoaddresDetails" time="0.001" classname="test.ui.navision.verifyCustomertab">
    <skipped/>
  </testcase> <!-- deleteShiptoaddresDetails -->
</testsuite> <!-- test -->
